<?xml version="1.0" encoding="utf-8"?><testsuites name="pytest tests"><testsuite name="pytest" errors="0" failures="0" skipped="0" tests="8" time="2.817" timestamp="2026-06-25T10:39:16.462105+00:00" hostname="agent-env-ec050019-1f18-4d58-a4b8-48df385ee796"><testcase classname="backend.tests.test_auth_regression.TestForgotPassword" name="test_forgot_password_returns_200_unknown_email" time="0.249" /><testcase classname="backend.tests.test_auth_regression.TestForgotPassword" name="test_forgot_password_returns_200_known_email" time="0.440" /><testcase classname="backend.tests.test_auth_regression.TestForgotPassword" name="test_forgot_password_invalid_payload" time="0.096" /><testcase classname="backend.tests.test_auth_regression.TestLoginMfaRegression" name="test_auth_me_returns_admin" time="1.566" /><testcase classname="backend.tests.test_auth_regression.TestLoginMfaRegression" name="test_admin_routes_accessible[/api/admin/users]" time="0.047" /><testcase classname="backend.tests.test_auth_regression.TestLoginMfaRegression" name="test_admin_routes_accessible[/api/admin/roles]" time="0.168" /><testcase classname="backend.tests.test_auth_regression.TestLoginMfaRegression" name="test_admin_routes_accessible[/api/admin/permissions/catalog]" time="0.043" /><testcase classname="backend.tests.test_auth_regression.TestLoginMfaRegression" name="test_logout" time="0.042" /></testsuite></testsuites>