<?xml version="1.0" encoding="utf-8"?><testsuites name="pytest tests"><testsuite name="pytest" errors="0" failures="0" skipped="0" tests="12" time="1.163" timestamp="2026-07-15T21:47:25.170615+00:00" hostname="agent-env-ec050019-1f18-4d58-a4b8-48df385ee796"><testcase classname="tests.test_comparativa_refactor_iter21.TestBundleDefaultState" name="test_bundle_diffs_default_no_400" time="0.387" /><testcase classname="tests.test_comparativa_refactor_iter21.TestBundleDefaultState" name="test_bundle_list_shape" time="0.052" /><testcase classname="tests.test_comparativa_refactor_iter21.TestBundleDefaultState" name="test_totales_endpoint" time="0.049" /><testcase classname="tests.test_comparativa_refactor_iter21.TestBundleDefaultState" name="test_resumen_origenes_endpoint" time="0.051" /><testcase classname="tests.test_comparativa_refactor_iter21.TestEstadoRegression" name="test_estado_no_400[all]" time="0.048" /><testcase classname="tests.test_comparativa_refactor_iter21.TestEstadoRegression" name="test_estado_no_400[coincide]" time="0.049" /><testcase classname="tests.test_comparativa_refactor_iter21.TestEstadoRegression" name="test_estado_no_400[discrepancia]" time="0.048" /><testcase classname="tests.test_comparativa_refactor_iter21.TestEstadoRegression" name="test_estado_no_400[solo_comercial]" time="0.053" /><testcase classname="tests.test_comparativa_refactor_iter21.TestEstadoRegression" name="test_estado_no_400[solo_sii]" time="0.053" /><testcase classname="tests.test_comparativa_refactor_iter21.TestEstadoRegression" name="test_estado_no_400[diffs]" time="0.055" /><testcase classname="tests.test_comparativa_refactor_iter21.TestCacheHit" name="test_second_request_is_cached" time="0.126" /><testcase classname="tests.test_comparativa_refactor_iter21.TestNifGrande" name="test_nif_grande_carga" time="0.057" /></testsuite></testsuites>