<?xml version="1.0" encoding="utf-8"?><testsuites name="pytest tests"><testsuite name="pytest" errors="0" failures="0" skipped="0" tests="3" time="2.368" timestamp="2026-06-26T05:53:59.210195+00:00" hostname="agent-env-ec050019-1f18-4d58-a4b8-48df385ee796"><testcase classname="backend.tests.test_excluir_tipo_iva_cero_e2e.TestComparativaExcluirTipoIvaCero" name="test_comparativa_devuelve_coincide_y_filtra_linea" time="0.958" /><testcase classname="backend.tests.test_excluir_tipo_iva_cero_e2e.TestComparativaExcluirTipoIvaCero" name="test_totales_excluye_linea_tipo_iva_cero" time="1.031" /><testcase classname="backend.tests.test_excluir_tipo_iva_cero_e2e.TestConfigPersistence" name="test_config_toggle_persistence" time="0.238" /></testsuite></testsuites>