<?xml version="1.0" encoding="utf-8"?><testsuites name="pytest tests"><testsuite name="pytest" errors="0" failures="0" skipped="0" tests="41" time="27.399" timestamp="2026-06-25T12:17:35.874403+00:00" hostname="agent-env-ec050019-1f18-4d58-a4b8-48df385ee796"><testcase classname="tests.test_precision_detalle_iva.TestSumarDetalleIVA" name="test_caso_real_3_87_menos_0_01" time="0.001" /><testcase classname="tests.test_precision_detalle_iva.TestSumarDetalleIVA" name="test_multiples_tramos_iva" time="0.000" /><testcase classname="tests.test_precision_detalle_iva.TestSumarDetalleIVA" name="test_solo_exenta" time="0.000" /><testcase classname="tests.test_precision_detalle_iva.TestSumarDetalleIVA" name="test_sin_sujeta" time="0.000" /><testcase classname="tests.test_precision_detalle_iva.TestSumarDetalleIVA" name="test_precision_extrema" time="0.000" /><testcase classname="tests.test_precision_detalle_iva.TestExtraerIvaEmitida" name="test_redondeo_tras_agregacion_multinivel" time="0.000" /><testcase classname="tests.test_sanear_tipo_impositivo.TestSanearTipoYCuota" name="test_casos_concatenacion[211.84-None-21.0-1.84]" time="0.000" /><testcase classname="tests.test_sanear_tipo_impositivo.TestSanearTipoYCuota" name="test_casos_concatenacion[210.91-None-21.0-0.91]" time="0.000" /><testcase classname="tests.test_sanear_tipo_impositivo.TestSanearTipoYCuota" name="test_casos_concatenacion[211.12-None-21.0-1.12]" time="0.000" /><testcase classname="tests.test_sanear_tipo_impositivo.TestSanearTipoYCuota" name="test_casos_concatenacion[210.03-None-21.0-0.03]" time="0.000" /><testcase classname="tests.test_sanear_tipo_impositivo.TestSanearTipoYCuota" name="test_casos_concatenacion[210.81-None-21.0-0.81]" time="0.000" /><testcase classname="tests.test_sanear_tipo_impositivo.TestSanearTipoYCuota" name="test_casos_concatenacion[100.5-None-10.0-0.5]" time="0.000" /><testcase classname="tests.test_sanear_tipo_impositivo.TestSanearTipoYCuota" name="test_casos_concatenacion[101.23-None-10.0-1.23]" time="0.000" /><testcase classname="tests.test_sanear_tipo_impositivo.TestSanearTipoYCuota" name="test_casos_concatenacion[45.5-None-4.0-5.5]" time="0.000" /><testcase classname="tests.test_sanear_tipo_impositivo.TestSanearTipoYCuota" name="test_casos_concatenacion[21.0-1.84-21.0-1.84]" time="0.000" /><testcase classname="tests.test_sanear_tipo_impositivo.TestSanearTipoYCuota" name="test_casos_concatenacion[10.0-None-10.0-None]" time="0.000" /><testcase classname="tests.test_sanear_tipo_impositivo.TestSanearTipoYCuota" name="test_casos_concatenacion[4.0-0.5-4.0-0.5]" time="0.000" /><testcase classname="tests.test_sanear_tipo_impositivo.TestSanearTipoYCuota" name="test_casos_concatenacion[0.0-0.0-0.0-0.0]" time="0.000" /><testcase classname="tests.test_sanear_tipo_impositivo.TestSanearTipoYCuota" name="test_casos_concatenacion[None-None-None-None]" time="0.000" /><testcase classname="tests.test_sanear_tipo_impositivo.TestSanearTipoYCuota" name="test_casos_concatenacion[None-1.84-None-1.84]" time="0.000" /><testcase classname="tests.test_sanear_tipo_impositivo.TestSanearTipoYCuota" name="test_no_pisa_cuota_existente" time="0.000" /><testcase classname="tests.test_sanear_tipo_impositivo.TestSanearTipoYCuota" name="test_valor_muy_anomalo_descarta" time="0.000" /><testcase classname="tests.test_sanear_tipo_impositivo.TestSanearTipoYCuota" name="test_tipo_no_numerico" time="0.000" /><testcase classname="tests.test_sanear_tipo_impositivo.TestParseAmountEs" name="test_parse[21-21.0]" time="0.000" /><testcase classname="tests.test_sanear_tipo_impositivo.TestParseAmountEs" name="test_parse[21.0-21.0]" time="0.000" /><testcase classname="tests.test_sanear_tipo_impositivo.TestParseAmountEs" name="test_parse[21,00-21.0]" time="0.000" /><testcase classname="tests.test_sanear_tipo_impositivo.TestParseAmountEs" name="test_parse[1.234,56-1234.56]" time="0.000" /><testcase classname="tests.test_sanear_tipo_impositivo.TestParseAmountEs" name="test_parse[211.84-211.84]" time="0.000" /><testcase classname="tests.test_sanear_tipo_impositivo.TestParseAmountEs" name="test_parse[211,84-211.84]" time="0.000" /><testcase classname="tests.test_sanear_tipo_impositivo.TestParseAmountEs" name="test_parse[-None]" time="0.000" /><testcase classname="tests.test_sanear_tipo_impositivo.TestParseAmountEs" name="test_parse[None-None]" time="0.000" /><testcase classname="tests.test_sanear_tipo_impositivo.TestParseAmountEs" name="test_parse[no-numero-None]" time="0.000" /><testcase classname="tests.test_precision_api.TestImportesRedondeadosEnGetFactura" name="test_factura_objetivo_base_imponible_3_86" time="0.264" /><testcase classname="tests.test_precision_api.TestImportesRedondeadosEnGetFactura" name="test_facturas_relacionadas_max_2_decimales[26TAABN000008285]" time="0.043" /><testcase classname="tests.test_precision_api.TestImportesRedondeadosEnGetFactura" name="test_facturas_relacionadas_max_2_decimales[26TAABN000008288]" time="0.045" /><testcase classname="tests.test_precision_api.TestImportesRedondeadosEnGetFactura" name="test_facturas_relacionadas_max_2_decimales[26TAABN000008290]" time="0.365" /><testcase classname="tests.test_precision_api.TestRedondearImportesEndpoint" name="test_sin_auth_401" time="0.142" /><testcase classname="tests.test_precision_api.TestRedondearImportesEndpoint" name="test_dry_run_estructura" time="11.249" /><testcase classname="tests.test_precision_api.TestRedondearImportesEndpoint" name="test_dry_run_idempotente_es_cero" time="11.192" /><testcase classname="tests.test_precision_api.TestRegresionLimpiarTipoImpositivo" name="test_dry_run_devuelve_cero" time="2.039" /><testcase classname="tests.test_precision_api.TestRegresionComparativa" name="test_comparativa_sin_filtros_status_200" time="1.694" /></testsuite></testsuites>