<?xml version="1.0" encoding="utf-8"?><testsuites name="pytest tests"><testsuite name="pytest" errors="0" failures="0" skipped="0" tests="6" time="8.879" timestamp="2026-06-28T19:13:16.060414+00:00" hostname="agent-env-ec050019-1f18-4d58-a4b8-48df385ee796"><testcase classname="backend.tests.test_periodo_csv_iter19" name="test_comparativa_csv_periodo" time="3.595" /><testcase classname="backend.tests.test_periodo_csv_iter19" name="test_totales_csv_periodo" time="3.018" /><testcase classname="backend.tests.test_periodo_csv_iter19" name="test_resumen_origenes_csv" time="0.117" /><testcase classname="backend.tests.test_periodo_csv_iter19" name="test_export_csv_periodo" time="0.048" /><testcase classname="backend.tests.test_periodo_csv_iter19" name="test_periodo_with_spaces" time="1.807" /><testcase classname="backend.tests.test_periodo_csv_iter19" name="test_conciliacion_redirect" time="0.001" /></testsuite></testsuites>