<?xml version="1.0" encoding="utf-8"?><testsuites name="pytest tests"><testsuite name="pytest" errors="0" failures="0" skipped="0" tests="8" time="35.145" timestamp="2026-06-26T06:50:41.470510+00:00" hostname="agent-env-ec050019-1f18-4d58-a4b8-48df385ee796"><testcase classname="backend.tests.test_comparativa_nif_titular_e2e.TestNifsTitulares" name="test_devuelve_estructura_y_lista_correcta" time="0.750" /><testcase classname="backend.tests.test_comparativa_nif_titular_e2e.TestComparativaListadoConNif" name="test_filtra_por_nif_y_devuelve_total" time="0.049" /><testcase classname="backend.tests.test_comparativa_nif_titular_e2e.TestComparativaListadoConNif" name="test_nif_inexistente_devuelve_vacio" time="0.055" /><testcase classname="backend.tests.test_comparativa_nif_titular_e2e.TestTotales" name="test_totales_propaga_filtro_nif" time="2.145" /><testcase classname="backend.tests.test_comparativa_nif_titular_e2e.TestAuxiliares" name="test_resumen_origenes" time="0.092" /><testcase classname="backend.tests.test_comparativa_nif_titular_e2e.TestAuxiliares" name="test_periodos" time="0.894" /><testcase classname="backend.tests.test_comparativa_nif_titular_e2e.TestExportStreaming" name="test_export_pequeno_devuelve_csv_correcto" time="0.044" /><testcase classname="backend.tests.test_comparativa_nif_titular_e2e.TestExportStreaming" name="test_export_grande_sin_timeout" time="30.969" /></testsuite></testsuites>