<?xml version="1.0" encoding="utf-8"?><testsuites name="pytest tests"><testsuite name="pytest" errors="0" failures="0" skipped="0" tests="58" time="41.645" timestamp="2026-06-25T12:58:54.676450+00:00" hostname="agent-env-ec050019-1f18-4d58-a4b8-48df385ee796"><testcase classname="tests.test_diff_tramos_iva.TestDiffPorTramos" name="test_no_compara_cabecera_si_hay_desglose" time="0.000" /><testcase classname="tests.test_diff_tramos_iva.TestDiffPorTramos" name="test_tramo_21_coincide_tras_invertir_signo" time="0.000" /><testcase classname="tests.test_diff_tramos_iva.TestDiffPorTramos" name="test_sin_inversion_de_signo_marca_discrepancia" time="0.000" /><testcase classname="tests.test_diff_tramos_iva.TestDiffPorTramos" name="test_emparejamiento_por_causa_exencion" time="0.000" /><testcase classname="tests.test_diff_tramos_iva.TestDiffPorTramos" name="test_solo_un_lado_marca_diff" time="0.000" /><testcase classname="tests.test_diff_tramos_iva.TestDiffPorTramos" name="test_sin_desglose_compara_cabecera" time="0.000" /><testcase classname="tests.test_diff_tramos_iva.TestDiffPorTramos" name="test_desglose_solo_un_lado_compara_cabecera" time="0.000" /><testcase classname="tests.test_precision_detalle_iva.TestSumarDetalleIVA" name="test_caso_real_3_87_menos_0_01" time="0.000" /><testcase classname="tests.test_precision_detalle_iva.TestSumarDetalleIVA" name="test_multiples_tramos_iva" time="0.000" /><testcase classname="tests.test_precision_detalle_iva.TestSumarDetalleIVA" name="test_solo_exenta" time="0.000" /><testcase classname="tests.test_precision_detalle_iva.TestSumarDetalleIVA" name="test_sin_sujeta" time="0.000" /><testcase classname="tests.test_precision_detalle_iva.TestSumarDetalleIVA" name="test_precision_extrema" time="0.000" /><testcase classname="tests.test_precision_detalle_iva.TestExtraerIvaEmitida" name="test_redondeo_tras_agregacion_multinivel" time="0.000" /><testcase classname="tests.test_sanear_tipo_impositivo.TestSanearTipoYCuota" name="test_casos_concatenacion[211.84-None-21.0-1.84]" time="0.000" /><testcase classname="tests.test_sanear_tipo_impositivo.TestSanearTipoYCuota" name="test_casos_concatenacion[210.91-None-21.0-0.91]" time="0.000" /><testcase classname="tests.test_sanear_tipo_impositivo.TestSanearTipoYCuota" name="test_casos_concatenacion[211.12-None-21.0-1.12]" time="0.000" /><testcase classname="tests.test_sanear_tipo_impositivo.TestSanearTipoYCuota" name="test_casos_concatenacion[210.03-None-21.0-0.03]" time="0.000" /><testcase classname="tests.test_sanear_tipo_impositivo.TestSanearTipoYCuota" name="test_casos_concatenacion[210.81-None-21.0-0.81]" time="0.000" /><testcase classname="tests.test_sanear_tipo_impositivo.TestSanearTipoYCuota" name="test_casos_concatenacion[100.5-None-10.0-0.5]" time="0.000" /><testcase classname="tests.test_sanear_tipo_impositivo.TestSanearTipoYCuota" name="test_casos_concatenacion[101.23-None-10.0-1.23]" time="0.000" /><testcase classname="tests.test_sanear_tipo_impositivo.TestSanearTipoYCuota" name="test_casos_concatenacion[45.5-None-4.0-5.5]" time="0.000" /><testcase classname="tests.test_sanear_tipo_impositivo.TestSanearTipoYCuota" name="test_casos_concatenacion[21.0-1.84-21.0-1.84]" time="0.000" /><testcase classname="tests.test_sanear_tipo_impositivo.TestSanearTipoYCuota" name="test_casos_concatenacion[10.0-None-10.0-None]" time="0.000" /><testcase classname="tests.test_sanear_tipo_impositivo.TestSanearTipoYCuota" name="test_casos_concatenacion[4.0-0.5-4.0-0.5]" time="0.000" /><testcase classname="tests.test_sanear_tipo_impositivo.TestSanearTipoYCuota" name="test_casos_concatenacion[0.0-0.0-0.0-0.0]" time="0.000" /><testcase classname="tests.test_sanear_tipo_impositivo.TestSanearTipoYCuota" name="test_casos_concatenacion[None-None-None-None]" time="0.000" /><testcase classname="tests.test_sanear_tipo_impositivo.TestSanearTipoYCuota" name="test_casos_concatenacion[None-1.84-None-1.84]" time="0.000" /><testcase classname="tests.test_sanear_tipo_impositivo.TestSanearTipoYCuota" name="test_no_pisa_cuota_existente" time="0.000" /><testcase classname="tests.test_sanear_tipo_impositivo.TestSanearTipoYCuota" name="test_valor_muy_anomalo_descarta" time="0.000" /><testcase classname="tests.test_sanear_tipo_impositivo.TestSanearTipoYCuota" name="test_tipo_no_numerico" time="0.000" /><testcase classname="tests.test_sanear_tipo_impositivo.TestParseAmountEs" name="test_parse[21-21.0]" time="0.000" /><testcase classname="tests.test_sanear_tipo_impositivo.TestParseAmountEs" name="test_parse[21.0-21.0]" time="0.000" /><testcase classname="tests.test_sanear_tipo_impositivo.TestParseAmountEs" name="test_parse[21,00-21.0]" time="0.000" /><testcase classname="tests.test_sanear_tipo_impositivo.TestParseAmountEs" name="test_parse[1.234,56-1234.56]" time="0.000" /><testcase classname="tests.test_sanear_tipo_impositivo.TestParseAmountEs" name="test_parse[211.84-211.84]" time="0.000" /><testcase classname="tests.test_sanear_tipo_impositivo.TestParseAmountEs" name="test_parse[211,84-211.84]" time="0.000" /><testcase classname="tests.test_sanear_tipo_impositivo.TestParseAmountEs" name="test_parse[-None]" time="0.000" /><testcase classname="tests.test_sanear_tipo_impositivo.TestParseAmountEs" name="test_parse[None-None]" time="0.000" /><testcase classname="tests.test_sanear_tipo_impositivo.TestParseAmountEs" name="test_parse[no-numero-None]" time="0.000" /><testcase classname="tests.test_precision_api.TestImportesRedondeadosEnGetFactura" name="test_factura_objetivo_base_imponible_3_86" time="0.198" /><testcase classname="tests.test_precision_api.TestImportesRedondeadosEnGetFactura" name="test_facturas_relacionadas_max_2_decimales[26TAABN000008285]" time="0.042" /><testcase classname="tests.test_precision_api.TestImportesRedondeadosEnGetFactura" name="test_facturas_relacionadas_max_2_decimales[26TAABN000008288]" time="0.054" /><testcase classname="tests.test_precision_api.TestImportesRedondeadosEnGetFactura" name="test_facturas_relacionadas_max_2_decimales[26TAABN000008290]" time="0.045" /><testcase classname="tests.test_precision_api.TestRedondearImportesEndpoint" name="test_sin_auth_401" time="0.090" /><testcase classname="tests.test_precision_api.TestRedondearImportesEndpoint" name="test_dry_run_estructura" time="11.206" /><testcase classname="tests.test_precision_api.TestRedondearImportesEndpoint" name="test_dry_run_idempotente_es_cero" time="11.181" /><testcase classname="tests.test_precision_api.TestRegresionLimpiarTipoImpositivo" name="test_dry_run_devuelve_cero" time="2.019" /><testcase classname="tests.test_precision_api.TestRegresionComparativa" name="test_comparativa_sin_filtros_status_200" time="1.706" /><testcase classname="tests.test_comparativa_integration.TestFeature1DiffPorTramos" name="test_diferencias_contiene_detalle_iva" time="1.604" /><testcase classname="tests.test_comparativa_integration.TestFeature1DiffPorTramos" name="test_dos_tramos" time="0.000" /><testcase classname="tests.test_comparativa_integration.TestFeature1DiffPorTramos" name="test_tramo_21_coincide" time="0.000" /><testcase classname="tests.test_comparativa_integration.TestFeature1DiffPorTramos" name="test_tramo_exento_diff_por_null_vs_0" time="0.000" /><testcase classname="tests.test_comparativa_integration.TestFeature2CabeceraNoSeCompara" name="test_sin_base_imponible_cabecera" time="0.000" /><testcase classname="tests.test_comparativa_integration.TestFeature2CabeceraNoSeCompara" name="test_sin_cuota_cabecera" time="0.000" /><testcase classname="tests.test_comparativa_integration.TestFeature2CabeceraNoSeCompara" name="test_sin_tipo_cabecera" time="0.000" /><testcase classname="tests.test_comparativa_integration.TestFeature3MatchingRelajado" name="test_tramo_exento_emparejado" time="0.000" /><testcase classname="tests.test_comparativa_integration.TestRegresionEndpoints" name="test_redondear_importes_dry_run" time="11.140" /><testcase classname="tests.test_comparativa_integration.TestRegresionEndpoints" name="test_limpiar_tipo_impositivo_anomalo_dry_run" time="2.002" /></testsuite></testsuites>