<?xml version="1.0" encoding="utf-8"?><testsuites name="pytest tests"><testsuite name="pytest" errors="0" failures="0" skipped="0" tests="6" time="96.942" timestamp="2026-07-15T03:57:44.058012+00:00" hostname="agent-env-ec050019-1f18-4d58-a4b8-48df385ee796"><testcase classname="tests.test_solo_comercial_bug_iter20.TestSoloComercialA74251836" name="test_bundle_solo_comercial_total_no_es_cero" time="14.990" /><testcase classname="tests.test_solo_comercial_bug_iter20.TestSoloComercialA74251836" name="test_bundle_items_son_solo_comercial" time="14.312" /><testcase classname="tests.test_solo_comercial_bug_iter20.TestSoloComercialA74251836" name="test_items_no_existen_en_sii" time="14.528" /><testcase classname="tests.test_solo_comercial_bug_iter20.TestSoloComercialA74251836" name="test_coherencia_matematica_con_mongo" time="15.557" /><testcase classname="tests.test_solo_comercial_bug_iter20.TestSoloComercialA95000295" name="test_bundle_solo_comercial_total_positivo" time="18.481" /><testcase classname="tests.test_solo_comercial_bug_iter20.TestCoincideA74251836" name="test_bundle_coincide_items_tienen_ambas_partes" time="18.930" /></testsuite></testsuites>