<?xml version="1.0" encoding="utf-8"?><testsuites name="pytest tests"><testsuite name="pytest" errors="0" failures="1" skipped="0" tests="12" time="424.115" timestamp="2026-07-15T20:16:56.175121+00:00" hostname="agent-env-ec050019-1f18-4d58-a4b8-48df385ee796"><testcase classname="backend.tests.test_comparativa_refactor_iter21.TestBundleDefaultState" name="test_bundle_diffs_default_no_400" time="11.286" /><testcase classname="backend.tests.test_comparativa_refactor_iter21.TestBundleDefaultState" name="test_bundle_list_shape" time="59.189" /><testcase classname="backend.tests.test_comparativa_refactor_iter21.TestBundleDefaultState" name="test_totales_endpoint" time="3.742" /><testcase classname="backend.tests.test_comparativa_refactor_iter21.TestBundleDefaultState" name="test_resumen_origenes_endpoint" time="39.875" /><testcase classname="backend.tests.test_comparativa_refactor_iter21.TestEstadoRegression" name="test_estado_no_400[all]" time="57.727" /><testcase classname="backend.tests.test_comparativa_refactor_iter21.TestEstadoRegression" name="test_estado_no_400[coincide]" time="59.256" /><testcase classname="backend.tests.test_comparativa_refactor_iter21.TestEstadoRegression" name="test_estado_no_400[discrepancia]" time="59.004" /><testcase classname="backend.tests.test_comparativa_refactor_iter21.TestEstadoRegression" name="test_estado_no_400[solo_comercial]" time="30.335" /><testcase classname="backend.tests.test_comparativa_refactor_iter21.TestEstadoRegression" name="test_estado_no_400[solo_sii]" time="9.829"><failure message="AssertionError: estado=solo_sii: HTTP 500 Internal Server Error&#10;assert 500 == 200&#10; +  where 500 = &lt;Response [500]&gt;.status_code">backend/tests/test_comparativa_refactor_iter21.py:148: in test_estado_no_400
    assert r.status_code == 200, (
E   AssertionError: estado=solo_sii: HTTP 500 Internal Server Error
E   assert 500 == 200
E    +  where 500 = &lt;Response [500]&gt;.status_code</failure></testcase><testcase classname="backend.tests.test_comparativa_refactor_iter21.TestEstadoRegression" name="test_estado_no_400[diffs]" time="0.090" /><testcase classname="backend.tests.test_comparativa_refactor_iter21.TestCacheHit" name="test_second_request_is_cached" time="37.080" /><testcase classname="backend.tests.test_comparativa_refactor_iter21.TestNifGrande" name="test_nif_grande_carga" time="56.306" /></testsuite></testsuites>