<?xml version="1.0" encoding="utf-8"?><testsuites name="pytest tests"><testsuite name="pytest" errors="0" failures="0" skipped="0" tests="10" time="2.490" timestamp="2026-06-26T06:50:33.839854+00:00" hostname="agent-env-ec050019-1f18-4d58-a4b8-48df385ee796"><testcase classname="backend.tests.test_sociedades_wipe_e2e.TestSociedadesCatalogo" name="test_get_returns_seed" time="0.506" /><testcase classname="backend.tests.test_sociedades_wipe_e2e.TestSociedadesCatalogo" name="test_put_override_and_cleanup" time="0.234" /><testcase classname="backend.tests.test_sociedades_wipe_e2e.TestBackfillDryRun" name="test_dry_run_no_alterations" time="0.065" /><testcase classname="backend.tests.test_sociedades_wipe_e2e.TestParserSocColumn" name="test_parser_maps_soc_to_nif" time="0.024" /><testcase classname="backend.tests.test_sociedades_wipe_e2e.TestComparativaSociedadesEnriched" name="test_returns_sociedades_with_nombre" time="0.403" /><testcase classname="backend.tests.test_sociedades_wipe_e2e.TestComparativaSociedadesEnriched" name="test_comercial_sin_nif_after_backfill" time="0.400" /><testcase classname="backend.tests.test_sociedades_wipe_e2e.TestVaciarModuloScopes" name="test_scope_todo_dry_run" time="0.293" /><testcase classname="backend.tests.test_sociedades_wipe_e2e.TestVaciarModuloScopes" name="test_scope_sii_dry_run" time="0.286" /><testcase classname="backend.tests.test_sociedades_wipe_e2e.TestVaciarModuloScopes" name="test_scope_comercial_dry_run" time="0.062" /><testcase classname="backend.tests.test_sociedades_wipe_e2e.TestVaciarModuloScopes" name="test_scope_invalid_returns_422" time="0.055" /></testsuite></testsuites>