<?xml version="1.0" encoding="utf-8"?><testsuites name="pytest tests"><testsuite name="pytest" errors="0" failures="0" skipped="0" tests="19" time="2.328" timestamp="2026-06-21T08:34:14.015031+00:00" hostname="agent-env-ec050019-1f18-4d58-a4b8-48df385ee796"><testcase classname="backend.tests.test_pagos_ventanilla" name="test_csv_template_download" time="0.588" /><testcase classname="backend.tests.test_pagos_ventanilla" name="test_upload_valid_csv" time="0.059" /><testcase classname="backend.tests.test_pagos_ventanilla" name="test_upload_invalid_sociedad" time="0.046" /><testcase classname="backend.tests.test_pagos_ventanilla" name="test_upload_zero_importe" time="0.047" /><testcase classname="backend.tests.test_pagos_ventanilla" name="test_generated_files_have_pdf_ext" time="0.231" /><testcase classname="backend.tests.test_pagos_ventanilla" name="test_search_no_filter" time="0.053" /><testcase classname="backend.tests.test_pagos_ventanilla" name="test_search_filter_sociedad_TTE" time="0.047" /><testcase classname="backend.tests.test_pagos_ventanilla" name="test_search_filter_sociedad_BASER" time="0.052" /><testcase classname="backend.tests.test_pagos_ventanilla" name="test_search_filter_importe_min" time="0.093" /><testcase classname="backend.tests.test_pagos_ventanilla" name="test_search_filter_importe_max" time="0.051" /><testcase classname="backend.tests.test_pagos_ventanilla" name="test_search_filter_cif" time="0.049" /><testcase classname="backend.tests.test_pagos_ventanilla" name="test_search_filter_numero_factura" time="0.052" /><testcase classname="backend.tests.test_pagos_ventanilla" name="test_search_filter_estado" time="0.045" /><testcase classname="backend.tests.test_pagos_ventanilla" name="test_download_token" time="0.049" /><testcase classname="backend.tests.test_pagos_ventanilla" name="test_download_pdf_via_token" time="0.160" /><testcase classname="backend.tests.test_pagos_ventanilla" name="test_baser_high_amount_excludes_correos" time="0.215" /><testcase classname="backend.tests.test_pagos_ventanilla" name="test_baser_low_amount_includes_correos" time="0.161" /><testcase classname="backend.tests.test_pagos_ventanilla" name="test_usuario_role_has_pagos_ventanilla_perms" time="0.045" /><testcase classname="backend.tests.test_pagos_ventanilla" name="test_search_requires_auth" time="0.103" /></testsuite></testsuites>