<?xml version="1.0" encoding="utf-8"?><testsuites name="pytest tests"><testsuite name="pytest" errors="0" failures="0" skipped="0" tests="16" time="2.676" timestamp="2026-06-13T06:24:05.884946+00:00" hostname="agent-env-ec050019-1f18-4d58-a4b8-48df385ee796"><testcase classname="backend.tests.test_sii_api" name="test_root" time="0.282" /><testcase classname="backend.tests.test_sii_api" name="test_consulta_unitaria_ok" time="0.133" /><testcase classname="backend.tests.test_sii_api" name="test_determinism" time="0.234" /><testcase classname="backend.tests.test_sii_api" name="test_invalid_nif_too_short" time="0.093" /><testcase classname="backend.tests.test_sii_api" name="test_invalid_periodo" time="0.091" /><testcase classname="backend.tests.test_sii_api" name="test_invalid_fecha_yyyy_mm_dd" time="0.123" /><testcase classname="backend.tests.test_sii_api" name="test_batch_semicolon" time="0.092" /><testcase classname="backend.tests.test_sii_api" name="test_batch_comma" time="0.094" /><testcase classname="backend.tests.test_sii_api" name="test_batch_bad_headers" time="0.130" /><testcase classname="backend.tests.test_sii_api" name="test_batch_not_csv" time="0.100" /><testcase classname="backend.tests.test_sii_api" name="test_list_consultas_pagination_and_filter" time="0.187" /><testcase classname="backend.tests.test_sii_api" name="test_get_consulta_by_id" time="0.222" /><testcase classname="backend.tests.test_sii_api" name="test_get_consulta_404" time="0.091" /><testcase classname="backend.tests.test_sii_api" name="test_stats" time="0.099" /><testcase classname="backend.tests.test_sii_api" name="test_csv_template" time="0.101" /><testcase classname="backend.tests.test_sii_api" name="test_batch_export_and_404" time="0.415" /></testsuite></testsuites>