<?xml version="1.0" encoding="utf-8"?><testsuites name="pytest tests"><testsuite name="pytest" errors="0" failures="1" skipped="0" tests="25" time="3.701" timestamp="2026-06-13T06:52:16.204505+00:00" hostname="agent-env-ec050019-1f18-4d58-a4b8-48df385ee796"><testcase classname="backend.tests.test_sii_api" name="test_root" time="0.275" /><testcase classname="backend.tests.test_sii_api" name="test_consulta_unitaria_ok" time="0.102" /><testcase classname="backend.tests.test_sii_api" name="test_determinism" time="0.215" /><testcase classname="backend.tests.test_sii_api" name="test_invalid_nif_too_short" time="0.133" /><testcase classname="backend.tests.test_sii_api" name="test_invalid_periodo" time="0.098" /><testcase classname="backend.tests.test_sii_api" name="test_invalid_fecha_yyyy_mm_dd" time="0.100" /><testcase classname="backend.tests.test_sii_api" name="test_batch_semicolon" time="0.095" /><testcase classname="backend.tests.test_sii_api" name="test_batch_comma" time="0.133" /><testcase classname="backend.tests.test_sii_api" name="test_batch_bad_headers" time="0.102" /><testcase classname="backend.tests.test_sii_api" name="test_batch_not_csv" time="0.091" /><testcase classname="backend.tests.test_sii_api" name="test_list_consultas_pagination_and_filter" time="0.191" /><testcase classname="backend.tests.test_sii_api" name="test_get_consulta_by_id" time="0.238" /><testcase classname="backend.tests.test_sii_api" name="test_get_consulta_404" time="0.100" /><testcase classname="backend.tests.test_sii_api" name="test_stats" time="0.136" /><testcase classname="backend.tests.test_sii_api" name="test_csv_template" time="0.092" /><testcase classname="backend.tests.test_sii_api" name="test_batch_export_and_404" time="0.381" /><testcase classname="backend.tests.test_sii_cert" name="test_sii_config_default_mock" time="0.096" /><testcase classname="backend.tests.test_sii_cert" name="test_consulta_unitaria_json_has_sii_mode_mock" time="0.092" /><testcase classname="backend.tests.test_sii_cert" name="test_consulta_unitaria_cert_no_cert_no_mode_is_mock" time="0.092" /><testcase classname="backend.tests.test_sii_cert" name="test_consulta_unitaria_cert_explicit_mode_mock" time="0.094" /><testcase classname="backend.tests.test_sii_cert" name="test_consulta_unitaria_cert_invalid_pkcs12_returns_400" time="0.275" /><testcase classname="backend.tests.test_sii_cert" name="test_consulta_unitaria_cert_missing_required_field" time="0.096" /><testcase classname="backend.tests.test_sii_cert" name="test_batch_no_cert_returns_sii_mode_mock" time="0.102" /><testcase classname="backend.tests.test_sii_cert" name="test_batch_invalid_pkcs12_returns_400" time="0.093"><failure message="AssertionError: {&quot;batch_id&quot;:&quot;86564f17-6a65-4c6c-bf52-e37c5415b74f&quot;,&quot;sii_mode&quot;:&quot;real&quot;,&quot;total&quot;:0,&quot;correctas&quot;:0,&quot;aceptadas_con_errores&quot;:0,&quot;anuladas&quot;:0,&quot;no_registradas&quot;:0,&quot;errores_validacion&quot;:2,&quot;registros&quot;:[]}&#10;assert 200 == 400&#10; +  where 200 = &lt;Response [200]&gt;.status_code">backend/tests/test_sii_cert.py:119: in test_batch_invalid_pkcs12_returns_400
    assert r.status_code == 400, r.text
E   AssertionError: {"batch_id":"86564f17-6a65-4c6c-bf52-e37c5415b74f","sii_mode":"real","total":0,"correctas":0,"aceptadas_con_errores":0,"anuladas":0,"no_registradas":0,"errores_validacion":2,"registros":[]}
E   assert 200 == 400
E    +  where 200 = &lt;Response [200]&gt;.status_code</failure></testcase><testcase classname="backend.tests.test_sii_cert" name="test_record_persisted_with_sii_mode_field" time="0.177" /></testsuite></testsuites>