<?xml version="1.0" encoding="utf-8"?><testsuites name="pytest tests"><testsuite name="pytest" errors="0" failures="0" skipped="0" tests="17" time="3.028" timestamp="2026-06-20T06:14:45.591544+00:00" hostname="agent-env-ec050019-1f18-4d58-a4b8-48df385ee796"><testcase classname="backend.tests.test_tasas_api.TestMunicipios" name="test_list_municipios" time="0.435" /><testcase classname="backend.tests.test_tasas_api.TestMunicipios" name="test_crud_full" time="0.307" /><testcase classname="backend.tests.test_tasas_api.TestMunicipios" name="test_duplicate_codigo_400" time="0.216" /><testcase classname="backend.tests.test_tasas_api.TestUploadGenerate" name="test_upload_csv" time="0.086" /><testcase classname="backend.tests.test_tasas_api.TestUploadGenerate" name="test_upload_invalid_extension" time="0.044" /><testcase classname="backend.tests.test_tasas_api.TestUploadGenerate" name="test_generate_all" time="0.064" /><testcase classname="backend.tests.test_tasas_api.TestUploadGenerate" name="test_get_job_detail" time="0.045" /><testcase classname="backend.tests.test_tasas_api.TestUploadGenerate" name="test_jobs_list" time="0.084" /><testcase classname="backend.tests.test_tasas_api.TestUploadGenerate" name="test_download_zip" time="0.047" /><testcase classname="backend.tests.test_tasas_api.TestUploadGenerate" name="test_download_individual_pdf" time="0.085" /><testcase classname="backend.tests.test_tasas_api.TestUploadGenerate" name="test_download_token" time="0.084" /><testcase classname="backend.tests.test_tasas_api.TestSettings" name="test_get_settings_admin" time="0.044" /><testcase classname="backend.tests.test_tasas_api.TestSettings" name="test_put_settings_admin" time="0.152" /><testcase classname="backend.tests.test_tasas_api.TestSettings" name="test_public_settings" time="0.046" /><testcase classname="backend.tests.test_tasas_api.TestRBAC" name="test_usuario_cannot_view_tasas" time="1.099" /><testcase classname="backend.tests.test_tasas_api.TestRBAC" name="test_usuario_cannot_access_settings" time="0.045" /><testcase classname="backend.tests.test_tasas_api.TestRBAC" name="test_usuario_cannot_put_settings" time="0.044" /></testsuite></testsuites>