<?xml version="1.0" encoding="utf-8"?><testsuites name="pytest tests"><testsuite name="pytest" errors="0" failures="0" skipped="0" tests="9" time="11.053" timestamp="2026-06-25T11:29:37.321034+00:00" hostname="agent-env-ec050019-1f18-4d58-a4b8-48df385ee796"><testcase classname="tests.test_tipo_impositivo_regression.TestFacturasIndividuales" name="test_factura_tipo_y_cuota[26TAABN000008285-21.0-1.84]" time="0.576" /><testcase classname="tests.test_tipo_impositivo_regression.TestFacturasIndividuales" name="test_factura_tipo_y_cuota[26TAABN000008290-21.0-0.03]" time="0.047" /><testcase classname="tests.test_tipo_impositivo_regression.TestFacturasIndividuales" name="test_factura_tipo_y_cuota[26TAABN000008288-21.0-1.12]" time="0.048" /><testcase classname="tests.test_tipo_impositivo_regression.TestLimpiarEndpoint" name="test_dry_run_estructura_y_encontradas_cero" time="2.016" /><testcase classname="tests.test_tipo_impositivo_regression.TestLimpiarEndpoint" name="test_dry_run_default_es_true" time="2.022" /><testcase classname="tests.test_tipo_impositivo_regression.TestComparativaTipoCorrecto" name="test_comparativa_num_serie_8285" time="1.422" /><testcase classname="tests.test_tipo_impositivo_regression.TestListadoFacturasRegresion" name="test_listar_sii_limit_10" time="2.359" /><testcase classname="tests.test_tipo_impositivo_regression.TestListadoFacturasRegresion" name="test_listar_sii_no_mongo_id" time="2.358" /><testcase classname="tests.test_tipo_impositivo_regression.TestConciliarNewmanRegresion" name="test_endpoint_existe_y_no_5xx_sin_body" time="0.054" /></testsuite></testsuites>